# JRE version: OpenJDK Runtime Environment (17.0.9) (build 17.0.9+0--11185874)
# Java VM: OpenJDK 64-Bit Server VM (17.0.9+0--11185874, mixed mode, tiered, compressed oops, compressed class ptrs, g1 gc, windows-amd64)
GC Precious Log:
 CPUs: 4 total, 4 available
 Memory: 3976M
 Large Page Support: Disabled
 NUMA Support: Disabled
 Compressed Oops: Enabled (32-bit)
 Heap Region Size: 1M
 Heap Min Capacity: 8M
 Heap Initial Capacity: 64M
 Heap Max Capacity: 2G
 Pre-touch: Disabled
 Parallel Workers: 4
 Concurrent Workers: 1
 Concurrent Refinement Workers: 4
 Periodic GC: Disabled
Heap:
 garbage-first heap   total 300032K, used 114029K [0x0000000080000000, 0x0000000100000000)
  region size 1024K, 2 young (2048K), 2 survivors (2048K)
 Metaspace       used 115597K, committed 116416K, reserved 1179648K
  class space    used 15635K, committed 16064K, reserved 1048576K
GC Heap History (20 events):
Event: 248.900 GC heap after
{Heap after GC invocations=67 (full 0):
 garbage-first heap   total 300032K, used 90812K [0x0000000080000000, 0x0000000100000000)
  region size 1024K, 1 young (1024K), 1 survivors (1024K)
 Metaspace       used 103612K, committed 104384K, reserved 1179648K
  class space    used 14230K, committed 14592K, reserved 1048576K
}
Event: 249.879 GC heap before
{Heap before GC invocations=67 (full 0):
 garbage-first heap   total 300032K, used 104124K [0x0000000080000000, 0x0000000100000000)
  region size 1024K, 14 young (14336K), 1 survivors (1024K)
 Metaspace       used 104423K, committed 105088K, reserved 1179648K
  class space    used 14345K, committed 14656K, reserved 1048576K
}
Event: 249.887 GC heap after
{Heap after GC invocations=68 (full 0):
 garbage-first heap   total 300032K, used 91796K [0x0000000080000000, 0x0000000100000000)
  region size 1024K, 2 young (2048K), 2 survivors (2048K)
 Metaspace       used 104423K, committed 105088K, reserved 1179648K
  class space    used 14345K, committed 14656K, reserved 1048576K
}
Event: 250.568 GC heap before
{Heap before GC invocations=68 (full 0):
 garbage-first heap   total 300032K, used 104084K [0x0000000080000000, 0x0000000100000000)
  region size 1024K, 14 young (14336K), 2 survivors (2048K)
 Metaspace       used 105009K, committed 105728K, reserved 1179648K
  class space    used 14425K, committed 14784K, reserved 1048576K
}
Event: 250.577 GC heap after
{Heap after GC invocations=69 (full 0):
 garbage-first heap   total 300032K, used 92798K [0x0000000080000000, 0x0000000100000000)
  region size 1024K, 2 young (2048K), 2 survivors (2048K)
 Metaspace       used 105009K, committed 105728K, reserved 1179648K
  class space    used 14425K, committed 14784K, reserved 1048576K
}
Event: 251.791 GC heap before
{Heap before GC invocations=69 (full 0):
 garbage-first heap   total 300032K, used 107134K [0x0000000080000000, 0x0000000100000000)
  region size 1024K, 17 young (17408K), 2 survivors (2048K)
 Metaspace       used 105866K, committed 106560K, reserved 1179648K
  class space    used 14555K, committed 14848K, reserved 1048576K
}
Event: 251.820 GC heap after
{Heap after GC invocations=70 (full 0):
 garbage-first heap   total 300032K, used 94810K [0x0000000080000000, 0x0000000100000000)
  region size 1024K, 3 young (3072K), 3 survivors (3072K)
 Metaspace       used 105866K, committed 106560K, reserved 1179648K
  class space    used 14555K, committed 14848K, reserved 1048576K
}
Event: 252.656 GC heap before
{Heap before GC invocations=70 (full 0):
 garbage-first heap   total 300032K, used 105050K [0x0000000080000000, 0x0000000100000000)
  region size 1024K, 14 young (14336K), 3 survivors (3072K)
 Metaspace       used 106600K, committed 107328K, reserved 1179648K
  class space    used 14605K, committed 14912K, reserved 1048576K
}
Event: 252.733 GC heap after
{Heap after GC invocations=71 (full 0):
 garbage-first heap   total 300032K, used 96802K [0x0000000080000000, 0x0000000100000000)
  region size 1024K, 2 young (2048K), 2 survivors (2048K)
 Metaspace       used 106600K, committed 107328K, reserved 1179648K
  class space    used 14605K, committed 14912K, reserved 1048576K
}
Event: 257.285 GC heap before
{Heap before GC invocations=71 (full 0):
 garbage-first heap   total 300032K, used 115234K [0x0000000080000000, 0x0000000100000000)
  region size 1024K, 15 young (15360K), 2 survivors (2048K)
 Metaspace       used 108499K, committed 109248K, reserved 1179648K
  class space    used 14819K, committed 15168K, reserved 1048576K
}
Event: 257.302 GC heap after
{Heap after GC invocations=72 (full 0):
 garbage-first heap   total 300032K, used 97880K [0x0000000080000000, 0x0000000100000000)
  region size 1024K, 2 young (2048K), 2 survivors (2048K)
 Metaspace       used 108499K, committed 109248K, reserved 1179648K
  class space    used 14819K, committed 15168K, reserved 1048576K
}
Event: 263.431 GC heap before
{Heap before GC invocations=72 (full 0):
 garbage-first heap   total 300032K, used 121432K [0x0000000080000000, 0x0000000100000000)
  region size 1024K, 26 young (26624K), 2 survivors (2048K)
 Metaspace       used 109512K, committed 110208K, reserved 1179648K
  class space    used 14970K, committed 15296K, reserved 1048576K
}
Event: 263.458 GC heap after
{Heap after GC invocations=73 (full 0):
 garbage-first heap   total 300032K, used 100320K [0x0000000080000000, 0x0000000100000000)
  region size 1024K, 4 young (4096K), 4 survivors (4096K)
 Metaspace       used 109512K, committed 110208K, reserved 1179648K
  class space    used 14970K, committed 15296K, reserved 1048576K
}
Event: 271.842 GC heap before
{Heap before GC invocations=73 (full 0):
 garbage-first heap   total 300032K, used 121824K [0x0000000080000000, 0x0000000100000000)
  region size 1024K, 26 young (26624K), 4 survivors (4096K)
 Metaspace       used 109982K, committed 110720K, reserved 1179648K
  class space    used 15031K, committed 15360K, reserved 1048576K
}
Event: 271.870 GC heap after
{Heap after GC invocations=74 (full 0):
 garbage-first heap   total 300032K, used 101941K [0x0000000080000000, 0x0000000100000000)
  region size 1024K, 2 young (2048K), 2 survivors (2048K)
 Metaspace       used 109982K, committed 110720K, reserved 1179648K
  class space    used 15031K, committed 15360K, reserved 1048576K
}
Event: 278.232 GC heap before
{Heap before GC invocations=74 (full 0):
 garbage-first heap   total 300032K, used 151093K [0x0000000080000000, 0x0000000100000000)
  region size 1024K, 49 young (50176K), 2 survivors (2048K)
 Metaspace       used 112492K, committed 113280K, reserved 1179648K
  class space    used 15310K, committed 15680K, reserved 1048576K
}
Event: 278.311 GC heap after
{Heap after GC invocations=75 (full 0):
 garbage-first heap   total 300032K, used 111121K [0x0000000080000000, 0x0000000100000000)
  region size 1024K, 7 young (7168K), 7 survivors (7168K)
 Metaspace       used 112492K, committed 113280K, reserved 1179648K
  class space    used 15310K, committed 15680K, reserved 1048576K
}
Event: 285.015 GC heap before
{Heap before GC invocations=75 (full 0):
 garbage-first heap   total 300032K, used 142865K [0x0000000080000000, 0x0000000100000000)
  region size 1024K, 31 young (31744K), 7 survivors (7168K)
 Metaspace       used 114671K, committed 115520K, reserved 1179648K
  class space    used 15530K, committed 15936K, reserved 1048576K
}
Event: 287.660 GC heap after
{Heap after GC invocations=76 (full 0):
 garbage-first heap   total 300032K, used 112813K [0x0000000080000000, 0x0000000100000000)
  region size 1024K, 2 young (2048K), 2 survivors (2048K)
 Metaspace       used 114671K, committed 115520K, reserved 1179648K
  class space    used 15530K, committed 15936K, reserved 1048576K
}
Event: 290.994 GC heap before
{Heap before GC invocations=76 (full 0):
 garbage-first heap   total 300032K, used 124077K [0x0000000080000000, 0x0000000100000000)
  region size 1024K, 14 young (14336K), 2 survivors (2048K)
 Metaspace       used 115597K, committed 116416K, reserved 1179648K
  class space    used 15635K, committed 16064K, reserved 1048576K
}

