# JRE version: OpenJDK Runtime Environment (17.0.9) (build 17.0.9+0--11185874)
# Java VM: OpenJDK 64-Bit Server VM (17.0.9+0--11185874, mixed mode, tiered, compressed oops, compressed class ptrs, g1 gc, windows-amd64)
GC Precious Log:
 CPUs: 4 total, 4 available
 Memory: 3976M
 Large Page Support: Disabled
 NUMA Support: Disabled
 Compressed Oops: Enabled (32-bit)
 Heap Region Size: 1M
 Heap Min Capacity: 8M
 Heap Initial Capacity: 64M
 Heap Max Capacity: 2G
 Pre-touch: Disabled
 Parallel Workers: 4
 Concurrent Workers: 1
 Concurrent Refinement Workers: 4
 Periodic GC: Disabled
Heap:
 garbage-first heap   total 335872K, used 164864K [0x0000000080000000, 0x0000000100000000)
  region size 1024K, 5 young (5120K), 5 survivors (5120K)
 Metaspace       used 121344K, committed 122176K, reserved 1179648K
  class space    used 16353K, committed 16768K, reserved 1048576K
GC Heap History (20 events):
Event: 193.951 GC heap after
{Heap after GC invocations=51 (full 0):
 garbage-first heap   total 335872K, used 115996K [0x0000000080000000, 0x0000000100000000)
  region size 1024K, 7 young (7168K), 7 survivors (7168K)
 Metaspace       used 109644K, committed 110464K, reserved 1179648K
  class space    used 14854K, committed 15296K, reserved 1048576K
}
Event: 194.898 GC heap before
{Heap before GC invocations=51 (full 0):
 garbage-first heap   total 335872K, used 124188K [0x0000000080000000, 0x0000000100000000)
  region size 1024K, 16 young (16384K), 7 survivors (7168K)
 Metaspace       used 110838K, committed 111616K, reserved 1179648K
  class space    used 14965K, committed 15360K, reserved 1048576K
}
Event: 194.919 GC heap after
{Heap after GC invocations=52 (full 0):
 garbage-first heap   total 335872K, used 117353K [0x0000000080000000, 0x0000000100000000)
  region size 1024K, 2 young (2048K), 2 survivors (2048K)
 Metaspace       used 110838K, committed 111616K, reserved 1179648K
  class space    used 14965K, committed 15360K, reserved 1048576K
}
Event: 197.822 GC heap before
{Heap before GC invocations=52 (full 0):
 garbage-first heap   total 335872K, used 159337K [0x0000000080000000, 0x0000000100000000)
  region size 1024K, 43 young (44032K), 2 survivors (2048K)
 Metaspace       used 111122K, committed 112000K, reserved 1179648K
  class space    used 14981K, committed 15424K, reserved 1048576K
}
Event: 197.831 GC heap after
{Heap after GC invocations=53 (full 0):
 garbage-first heap   total 335872K, used 117522K [0x0000000080000000, 0x0000000100000000)
  region size 1024K, 2 young (2048K), 2 survivors (2048K)
 Metaspace       used 111122K, committed 112000K, reserved 1179648K
  class space    used 14981K, committed 15424K, reserved 1048576K
}
Event: 239.400 GC heap before
{Heap before GC invocations=53 (full 0):
 garbage-first heap   total 335872K, used 214802K [0x0000000080000000, 0x0000000100000000)
  region size 1024K, 98 young (100352K), 2 survivors (2048K)
 Metaspace       used 114259K, committed 115072K, reserved 1179648K
  class space    used 15343K, committed 15744K, reserved 1048576K
}
Event: 239.862 GC heap after
{Heap after GC invocations=54 (full 0):
 garbage-first heap   total 335872K, used 123132K [0x0000000080000000, 0x0000000100000000)
  region size 1024K, 8 young (8192K), 8 survivors (8192K)
 Metaspace       used 114259K, committed 115072K, reserved 1179648K
  class space    used 15343K, committed 15744K, reserved 1048576K
}
Event: 240.332 GC heap before
{Heap before GC invocations=54 (full 0):
 garbage-first heap   total 335872K, used 130300K [0x0000000080000000, 0x0000000100000000)
  region size 1024K, 16 young (16384K), 8 survivors (8192K)
 Metaspace       used 114335K, committed 115136K, reserved 1179648K
  class space    used 15355K, committed 15744K, reserved 1048576K
}
Event: 240.416 GC heap after
{Heap after GC invocations=55 (full 0):
 garbage-first heap   total 335872K, used 125549K [0x0000000080000000, 0x0000000100000000)
  region size 1024K, 2 young (2048K), 2 survivors (2048K)
 Metaspace       used 114335K, committed 115136K, reserved 1179648K
  class space    used 15355K, committed 15744K, reserved 1048576K
}
Event: 242.672 GC heap before
{Heap before GC invocations=55 (full 0):
 garbage-first heap   total 335872K, used 174701K [0x0000000080000000, 0x0000000100000000)
  region size 1024K, 51 young (52224K), 2 survivors (2048K)
 Metaspace       used 115769K, committed 116608K, reserved 1179648K
  class space    used 15567K, committed 16000K, reserved 1048576K
}
Event: 242.733 GC heap after
{Heap after GC invocations=56 (full 0):
 garbage-first heap   total 335872K, used 134144K [0x0000000080000000, 0x0000000100000000)
  region size 1024K, 7 young (7168K), 7 survivors (7168K)
 Metaspace       used 115769K, committed 116608K, reserved 1179648K
  class space    used 15567K, committed 16000K, reserved 1048576K
}
Event: 244.725 GC heap before
{Heap before GC invocations=56 (full 0):
 garbage-first heap   total 335872K, used 152576K [0x0000000080000000, 0x0000000100000000)
  region size 1024K, 26 young (26624K), 7 survivors (7168K)
 Metaspace       used 117828K, committed 118656K, reserved 1179648K
  class space    used 15867K, committed 16256K, reserved 1048576K
}
Event: 244.773 GC heap after
{Heap after GC invocations=57 (full 0):
 garbage-first heap   total 335872K, used 135623K [0x0000000080000000, 0x0000000100000000)
  region size 1024K, 2 young (2048K), 2 survivors (2048K)
 Metaspace       used 117828K, committed 118656K, reserved 1179648K
  class space    used 15867K, committed 16256K, reserved 1048576K
}
Event: 269.432 GC heap before
{Heap before GC invocations=57 (full 0):
 garbage-first heap   total 335872K, used 230855K [0x0000000080000000, 0x0000000100000000)
  region size 1024K, 95 young (97280K), 2 survivors (2048K)
 Metaspace       used 120781K, committed 121600K, reserved 1179648K
  class space    used 16281K, committed 16704K, reserved 1048576K
}
Event: 269.975 GC heap after
{Heap after GC invocations=58 (full 0):
 garbage-first heap   total 335872K, used 148773K [0x0000000080000000, 0x0000000100000000)
  region size 1024K, 12 young (12288K), 12 survivors (12288K)
 Metaspace       used 120781K, committed 121600K, reserved 1179648K
  class space    used 16281K, committed 16704K, reserved 1048576K
}
Event: 270.484 GC heap before
{Heap before GC invocations=58 (full 0):
 garbage-first heap   total 335872K, used 152869K [0x0000000080000000, 0x0000000100000000)
  region size 1024K, 16 young (16384K), 12 survivors (12288K)
 Metaspace       used 120809K, committed 121664K, reserved 1179648K
  class space    used 16284K, committed 16704K, reserved 1048576K
}
Event: 270.583 GC heap after
{Heap after GC invocations=59 (full 0):
 garbage-first heap   total 335872K, used 151115K [0x0000000080000000, 0x0000000100000000)
  region size 1024K, 2 young (2048K), 2 survivors (2048K)
 Metaspace       used 120809K, committed 121664K, reserved 1179648K
  class space    used 16284K, committed 16704K, reserved 1048576K
}
Event: 272.134 GC heap before
{Heap before GC invocations=59 (full 0):
 garbage-first heap   total 335872K, used 191051K [0x0000000080000000, 0x0000000100000000)
  region size 1024K, 41 young (41984K), 2 survivors (2048K)
 Metaspace       used 121035K, committed 121856K, reserved 1179648K
  class space    used 16303K, committed 16704K, reserved 1048576K
}
Event: 272.174 GC heap after
{Heap after GC invocations=60 (full 0):
 garbage-first heap   total 335872K, used 158668K [0x0000000080000000, 0x0000000100000000)
  region size 1024K, 6 young (6144K), 6 survivors (6144K)
 Metaspace       used 121035K, committed 121856K, reserved 1179648K
  class space    used 16303K, committed 16704K, reserved 1048576K
}
Event: 273.772 GC heap before
{Heap before GC invocations=60 (full 0):
 garbage-first heap   total 335872K, used 191436K [0x0000000080000000, 0x0000000100000000)
  region size 1024K, 39 young (39936K), 6 survivors (6144K)
 Metaspace       used 121344K, committed 122176K, reserved 1179648K
  class space    used 16353K, committed 16768K, reserved 1048576K
}

